<?xml version="1.0" encoding="UTF-8"?>
<!-- Generated by org.testng.reporters.JUnitReportReporter -->
<testsuite hostname="IBM-PF3PDWB4" failures="0" tests="1" name="pk_spreecom.CreateAnAddressUsingFile" time="5.443" errors="0" timestamp="2024-03-19T12:29:40 IST" skipped="0">
  <testcase classname="pk_spreecom.CreateAnAddressUsingFile" name="createAddress" time="5.443"/>
  <system-out/>
</testsuite> <!-- pk_spreecom.CreateAnAddressUsingFile -->
