<?xml version="1.0" encoding="UTF-8"?>
<!-- Generated by org.testng.reporters.JUnitReportReporter -->
<testsuite hostname="IBM-PF3PDWB4" failures="0" tests="1" name="pk_spreecom.Create_or_Refresh_Token" time="4.713" errors="0" timestamp="2024-03-19T10:50:18 IST" skipped="0">
  <testcase classname="pk_spreecom.Create_or_Refresh_Token" name="oAuth_Token" time="4.713"/>
  <system-out/>
</testsuite> <!-- pk_spreecom.Create_or_Refresh_Token -->
