<?xml version="1.0" encoding="UTF-8"?>
<!-- Generated by org.testng.reporters.JUnitReportReporter -->
<testsuite hostname="IBM-PF3PDWB4" failures="0" tests="1" name="pk_spreecom.CreateAddressUsingUtilFunction" time="2.917" errors="0" timestamp="2024-03-20T16:22:39 IST" skipped="0">
  <testcase classname="pk_spreecom.CreateAddressUsingUtilFunction" name="Create_Address" time="2.917"/>
  <system-out/>
</testsuite> <!-- pk_spreecom.CreateAddressUsingUtilFunction -->
