<?xml version="1.0" encoding="UTF-8"?>
<!-- Generated by org.testng.reporters.JUnitReportReporter -->
<testsuite hostname="IBM-PF3PDWB4" failures="0" tests="2" name="pk_graphql.Test_GraphQL" time="1.749" errors="0" timestamp="2024-03-20T14:49:16 IST" skipped="0">
  <testcase classname="pk_graphql.Test_GraphQL" name="getAllFilmsTest" time="0.904"/>
  <system-out/>
  <testcase classname="pk_graphql.Test_GraphQL" name="getPokemonDetails" time="0.845"/>
  <system-out/>
</testsuite> <!-- pk_graphql.Test_GraphQL -->
