<?xml version="1.0" encoding="UTF-8"?>
<!-- Generated by org.testng.reporters.JUnitReportReporter -->
<testsuite hostname="IBM-PF3PDWB4" failures="0" tests="2" name="pk_spreecom.CreateAndUpdateAddress" time="8.111" errors="0" timestamp="2024-03-19T14:41:23 IST" skipped="0">
  <testcase classname="pk_spreecom.CreateAndUpdateAddress" name="Create_Address" time="6.699"/>
  <system-out/>
  <testcase classname="pk_spreecom.CreateAndUpdateAddress" name="Update_Address" time="1.412"/>
  <system-out/>
</testsuite> <!-- pk_spreecom.CreateAndUpdateAddress -->
