<?xml version="1.0" encoding="UTF-8"?>
<!-- Generated by org.testng.reporters.JUnitReportReporter -->
<testsuite hostname="IBM-PF3PDWB4" failures="0" tests="1" name="pk_spreecom.RetrieveaCountry" time="4.103" errors="0" timestamp="2024-03-18T17:30:26 IST" skipped="0">
  <testcase classname="pk_spreecom.RetrieveaCountry" name="retrieveACountry" time="4.103"/>
  <system-out/>
</testsuite> <!-- pk_spreecom.RetrieveaCountry -->
