<?xml version="1.0" encoding="UTF-8"?>
<!-- Generated by org.testng.reporters.JUnitReportReporter -->
<testsuite hostname="IBM-PF3PDWB4" failures="0" tests="3" name="pk_spreecom.CreateAndUpdateThroughAPIAndDeleteThroughUI" time="33.280" errors="0" timestamp="2024-03-20T10:53:45 IST" skipped="0">
  <testcase classname="pk_spreecom.CreateAndUpdateThroughAPIAndDeleteThroughUI" name="Create_Address" time="6.653"/>
  <system-out/>
  <testcase classname="pk_spreecom.CreateAndUpdateThroughAPIAndDeleteThroughUI" name="Update_Address" time="1.472"/>
  <system-out/>
  <testcase classname="pk_spreecom.CreateAndUpdateThroughAPIAndDeleteThroughUI" name="deleteAddress_UI" time="25.155"/>
  <system-out/>
</testsuite> <!-- pk_spreecom.CreateAndUpdateThroughAPIAndDeleteThroughUI -->
