<?xml version="1.0" encoding="UTF-8"?>
<!-- Generated by org.testng.reporters.JUnitReportReporter -->
<testsuite hostname="IBM-PF3PDWB4" failures="0" tests="1" name="pk_spreecom.GetDefaultCountry_UsingJSONPath" time="4.675" errors="0" timestamp="2024-03-19T10:18:44 IST" skipped="0">
  <testcase classname="pk_spreecom.GetDefaultCountry_UsingJSONPath" name="getDefaultCountry" time="4.675"/>
  <system-out/>
</testsuite> <!-- pk_spreecom.GetDefaultCountry_UsingJSONPath -->
