<?xml version="1.0" encoding="UTF-8"?>
<!-- Generated by org.testng.reporters.JUnitReportReporter -->
<testsuite hostname="IBM-PF3PDWB4" failures="0" tests="5" name="pk_spreecom.CreateMultipleAddressesUsingTestData" time="12.288" errors="0" timestamp="2024-03-20T10:45:15 IST" skipped="0">
  <testcase classname="pk_spreecom.CreateMultipleAddressesUsingTestData" name="addAddress" time="1.434"/>
  <system-out/>
  <testcase classname="pk_spreecom.CreateMultipleAddressesUsingTestData" name="addAddress" time="6.510"/>
  <system-out/>
  <testcase classname="pk_spreecom.CreateMultipleAddressesUsingTestData" name="addAddress" time="1.542"/>
  <system-out/>
  <testcase classname="pk_spreecom.CreateMultipleAddressesUsingTestData" name="addAddress" time="1.464"/>
  <system-out/>
  <testcase classname="pk_spreecom.CreateMultipleAddressesUsingTestData" name="addAddress" time="1.338"/>
  <system-out/>
</testsuite> <!-- pk_spreecom.CreateMultipleAddressesUsingTestData -->
