<?xml version="1.0" encoding="UTF-8"?>
<!-- Generated by org.testng.reporters.JUnitReportReporter -->
<testsuite hostname="IBM-PF3PDWB4" failures="0" tests="3" name="pk_spreecom.DeleteAnAddress" time="9.389" errors="0" timestamp="2024-03-19T15:25:43 IST" skipped="0">
  <testcase classname="pk_spreecom.DeleteAnAddress" name="deleteAddress" time="1.579"/>
  <system-out/>
  <testcase classname="pk_spreecom.DeleteAnAddress" name="Create_Address" time="6.312"/>
  <system-out/>
  <testcase classname="pk_spreecom.DeleteAnAddress" name="Update_Address" time="1.498"/>
  <system-out/>
</testsuite> <!-- pk_spreecom.DeleteAnAddress -->
