<?xml version="1.0" encoding="UTF-8"?>
<!-- Generated by org.testng.reporters.JUnitReportReporter -->
<testsuite hostname="IBM-PF3PDWB4" failures="0" tests="1" name="pk_spreecom.GetDefaultCountry" time="4.072" errors="0" timestamp="2024-03-20T14:49:16 IST" skipped="0">
  <testcase classname="pk_spreecom.GetDefaultCountry" name="getDefaultCountry" time="4.072"/>
  <system-out/>
</testsuite> <!-- pk_spreecom.GetDefaultCountry -->
