<?xml version="1.0" encoding="UTF-8"?>
<!-- Generated by org.testng.reporters.JUnitReportReporter -->
<testsuite hostname="IBM-PF3PDWB4" failures="0" tests="1" name="pk_spreecom.GetDefaultCountry" time="8.508" errors="0" timestamp="20 Mar 2024 11:28:31 GMT">
  <testcase classname="pk_spreecom.GetDefaultCountry" name="getDefaultCountry" time="8.508"/>
</testsuite> <!-- pk_spreecom.GetDefaultCountry -->
