<?xml version="1.0" encoding="UTF-8"?>
<!-- Generated by org.testng.reporters.JUnitReportReporter -->
<testsuite hostname="IBM-PF3PDWB4" failures="0" tests="1" name="pk_spreecom.CreateAddressUsingUtilFunction" time="6.544" errors="0" timestamp="20 Mar 2024 11:28:31 GMT">
  <testcase classname="pk_spreecom.CreateAddressUsingUtilFunction" name="Create_Address" time="6.544"/>
</testsuite> <!-- pk_spreecom.CreateAddressUsingUtilFunction -->
