<?xml version="1.0" encoding="UTF-8"?>
<!-- Generated by org.testng.reporters.JUnitReportReporter -->
<testsuite hostname="IBM-PF3PDWB4" failures="0" tests="2" name="pk_graphql.Test_GraphQL" time="2.422" errors="0" timestamp="20 Mar 2024 11:28:31 GMT">
  <testcase classname="pk_graphql.Test_GraphQL" name="getPokemonDetails" time="0.996"/>
  <testcase classname="pk_graphql.Test_GraphQL" name="getAllFilmsTest" time="1.426"/>
</testsuite> <!-- pk_graphql.Test_GraphQL -->
